2021-10-22 11:09:07.080  INFO 4356 --- [main] tn.esprit.spring.EmployeServiceImplTest  : Starting EmployeServiceImplTest on DESKTOP-P6G55LK with PID 4356 (started by HP in C:\Users\HP\Desktop\devops\timesheetDevops)
2021-10-22 11:09:07.084  INFO 4356 --- [main] tn.esprit.spring.EmployeServiceImplTest  : No active profile set, falling back to default profiles: default
2021-10-22 11:09:07.721  INFO 4356 --- [main] .s.d.r.c.RepositoryConfigurationDelegate : Bootstrapping Spring Data repositories in DEFAULT mode.
2021-10-22 11:09:07.830  INFO 4356 --- [main] .s.d.r.c.RepositoryConfigurationDelegate : Finished Spring Data repository scanning in 97ms. Found 6 repository interfaces.
2021-10-22 11:09:08.541  INFO 4356 --- [main] trationDelegate$BeanPostProcessorChecker : Bean 'org.springframework.transaction.annotation.ProxyTransactionManagementConfiguration' of type [org.springframework.transaction.annotation.ProxyTransactionManagementConfiguration$$EnhancerBySpringCGLIB$$e20a22e3] is not eligible for getting processed by all BeanPostProcessors (for example: not eligible for auto-proxying)
2021-10-22 11:09:08.906  INFO 4356 --- [main] com.zaxxer.hikari.HikariDataSource       : HikariPool-1 - Starting...
2021-10-22 11:09:09.121  INFO 4356 --- [main] com.zaxxer.hikari.HikariDataSource       : HikariPool-1 - Start completed.
2021-10-22 11:09:09.191  INFO 4356 --- [main] o.hibernate.jpa.internal.util.LogHelper  : HHH000204: Processing PersistenceUnitInfo [
	name: default
	...]
2021-10-22 11:09:09.288  INFO 4356 --- [main] org.hibernate.Version                    : HHH000412: Hibernate Core {5.3.9.Final}
2021-10-22 11:09:09.290  INFO 4356 --- [main] org.hibernate.cfg.Environment            : HHH000206: hibernate.properties not found
2021-10-22 11:09:09.510  INFO 4356 --- [main] o.hibernate.annotations.common.Version   : HCANN000001: Hibernate Commons Annotations {5.0.4.Final}
2021-10-22 11:09:09.956  INFO 4356 --- [main] org.hibernate.dialect.Dialect            : HHH000400: Using dialect: org.hibernate.dialect.MySQL5Dialect
2021-10-22 11:09:11.048  INFO 4356 --- [main] j.LocalContainerEntityManagerFactoryBean : Initialized JPA EntityManagerFactory for persistence unit 'default'
2021-10-22 11:09:11.412  INFO 4356 --- [main] o.h.h.i.QueryTranslatorFactoryInitiator  : HHH000397: Using ASTQueryTranslatorFactory
2021-10-22 11:09:12.868  INFO 4356 --- [main] o.s.s.concurrent.ThreadPoolTaskExecutor  : Initializing ExecutorService 'applicationTaskExecutor'
2021-10-22 11:09:12.934  WARN 4356 --- [main] aWebConfiguration$JpaWebMvcConfiguration : spring.jpa.open-in-view is enabled by default. Therefore, database queries may be performed during view rendering. Explicitly configure spring.jpa.open-in-view to disable this warning
2021-10-22 11:09:13.431  INFO 4356 --- [main] tn.esprit.spring.EmployeServiceImplTest  : Started EmployeServiceImplTest in 6.669 seconds (JVM running for 7.695)
2021-10-22 11:09:14.151  INFO 4356 --- [main] .b.t.c.SpringBootTestContextBootstrapper : Neither @ContextConfiguration nor @ContextHierarchy found for test class [tn.esprit.spring.EnterpriseServiceImplTest], using SpringBootContextLoader
2021-10-22 11:09:14.152  INFO 4356 --- [main] o.s.t.c.support.AbstractContextLoader    : Could not detect default resource locations for test class [tn.esprit.spring.EnterpriseServiceImplTest]: no resource found for suffixes {-context.xml, Context.groovy}.
2021-10-22 11:09:14.153  INFO 4356 --- [main] t.c.s.AnnotationConfigContextLoaderUtils : Could not detect default configuration classes for test class [tn.esprit.spring.EnterpriseServiceImplTest]: EnterpriseServiceImplTest does not declare any static, non-private, non-final, nested classes annotated with @Configuration.
2021-10-22 11:09:14.155  INFO 4356 --- [main] .b.t.c.SpringBootTestContextBootstrapper : Found @SpringBootConfiguration tn.esprit.spring.TimesheetSpringBootCoreDataJpaMvcRest1Application for test class tn.esprit.spring.EnterpriseServiceImplTest
2021-10-22 11:09:14.157  INFO 4356 --- [main] .b.t.c.SpringBootTestContextBootstrapper : Loaded default TestExecutionListener class names from location [META-INF/spring.factories]: [org.springframework.boot.test.mock.mockito.MockitoTestExecutionListener, org.springframework.boot.test.mock.mockito.ResetMocksTestExecutionListener, org.springframework.boot.test.autoconfigure.restdocs.RestDocsTestExecutionListener, org.springframework.boot.test.autoconfigure.web.client.MockRestServiceServerResetTestExecutionListener, org.springframework.boot.test.autoconfigure.web.servlet.MockMvcPrintOnlyOnFailureTestExecutionListener, org.springframework.boot.test.autoconfigure.web.servlet.WebDriverTestExecutionListener, org.springframework.test.context.web.ServletTestExecutionListener, org.springframework.test.context.support.DirtiesContextBeforeModesTestExecutionListener, org.springframework.test.context.support.DependencyInjectionTestExecutionListener, org.springframework.test.context.support.DirtiesContextTestExecutionListener, org.springframework.test.context.transaction.TransactionalTestExecutionListener, org.springframework.test.context.jdbc.SqlScriptsTestExecutionListener]
2021-10-22 11:09:14.158  INFO 4356 --- [main] .b.t.c.SpringBootTestContextBootstrapper : Using TestExecutionListeners: [org.springframework.test.context.web.ServletTestExecutionListener@5bf7f15f, org.springframework.test.context.support.DirtiesContextBeforeModesTestExecutionListener@14b26e90, org.springframework.boot.test.mock.mockito.MockitoTestExecutionListener@11309dd4, org.springframework.boot.test.autoconfigure.SpringBootDependencyInjectionTestExecutionListener@4f4d05b3, org.springframework.test.context.support.DirtiesContextTestExecutionListener@2bd4780c, org.springframework.test.context.transaction.TransactionalTestExecutionListener@2c154508, org.springframework.test.context.jdbc.SqlScriptsTestExecutionListener@395eb363, org.springframework.boot.test.mock.mockito.ResetMocksTestExecutionListener@1e194966, org.springframework.boot.test.autoconfigure.restdocs.RestDocsTestExecutionListener@160546b1, org.springframework.boot.test.autoconfigure.web.client.MockRestServiceServerResetTestExecutionListener@103e7c7c, org.springframework.boot.test.autoconfigure.web.servlet.MockMvcPrintOnlyOnFailureTestExecutionListener@5c3710b3, org.springframework.boot.test.autoconfigure.web.servlet.WebDriverTestExecutionListener@8b1202a]
2021-10-22 11:09:14.677  INFO 4356 --- [Thread-2] o.s.s.concurrent.ThreadPoolTaskExecutor  : Shutting down ExecutorService 'applicationTaskExecutor'
2021-10-22 11:09:14.681  INFO 4356 --- [Thread-2] j.LocalContainerEntityManagerFactoryBean : Closing JPA EntityManagerFactory for persistence unit 'default'
2021-10-22 11:09:14.685  INFO 4356 --- [Thread-2] com.zaxxer.hikari.HikariDataSource       : HikariPool-1 - Shutdown initiated...
2021-10-22 11:09:14.721  INFO 4356 --- [Thread-2] com.zaxxer.hikari.HikariDataSource       : HikariPool-1 - Shutdown completed.
2021-10-22 11:10:49.445  INFO 3668 --- [main] tn.esprit.spring.EmployeServiceImplTest  : Starting EmployeServiceImplTest on DESKTOP-P6G55LK with PID 3668 (started by HP in C:\Users\HP\Desktop\devops\timesheetDevops)
2021-10-22 11:10:49.448  INFO 3668 --- [main] tn.esprit.spring.EmployeServiceImplTest  : No active profile set, falling back to default profiles: default
2021-10-22 11:10:50.125  INFO 3668 --- [main] .s.d.r.c.RepositoryConfigurationDelegate : Bootstrapping Spring Data repositories in DEFAULT mode.
2021-10-22 11:10:50.324  INFO 3668 --- [main] .s.d.r.c.RepositoryConfigurationDelegate : Finished Spring Data repository scanning in 189ms. Found 6 repository interfaces.
2021-10-22 11:10:51.193  INFO 3668 --- [main] trationDelegate$BeanPostProcessorChecker : Bean 'org.springframework.transaction.annotation.ProxyTransactionManagementConfiguration' of type [org.springframework.transaction.annotation.ProxyTransactionManagementConfiguration$$EnhancerBySpringCGLIB$$1556b657] is not eligible for getting processed by all BeanPostProcessors (for example: not eligible for auto-proxying)
2021-10-22 11:10:51.601  INFO 3668 --- [main] com.zaxxer.hikari.HikariDataSource       : HikariPool-1 - Starting...
2021-10-22 11:10:51.826  INFO 3668 --- [main] com.zaxxer.hikari.HikariDataSource       : HikariPool-1 - Start completed.
2021-10-22 11:10:51.902  INFO 3668 --- [main] o.hibernate.jpa.internal.util.LogHelper  : HHH000204: Processing PersistenceUnitInfo [
	name: default
	...]
2021-10-22 11:10:52.007  INFO 3668 --- [main] org.hibernate.Version                    : HHH000412: Hibernate Core {5.3.9.Final}
2021-10-22 11:10:52.009  INFO 3668 --- [main] org.hibernate.cfg.Environment            : HHH000206: hibernate.properties not found
2021-10-22 11:10:52.248  INFO 3668 --- [main] o.hibernate.annotations.common.Version   : HCANN000001: Hibernate Commons Annotations {5.0.4.Final}
2021-10-22 11:10:52.788  INFO 3668 --- [main] org.hibernate.dialect.Dialect            : HHH000400: Using dialect: org.hibernate.dialect.MySQL5Dialect
2021-10-22 11:10:54.317  INFO 3668 --- [main] j.LocalContainerEntityManagerFactoryBean : Initialized JPA EntityManagerFactory for persistence unit 'default'
2021-10-22 11:10:54.778  INFO 3668 --- [main] o.h.h.i.QueryTranslatorFactoryInitiator  : HHH000397: Using ASTQueryTranslatorFactory
2021-10-22 11:10:56.902  INFO 3668 --- [main] o.s.s.concurrent.ThreadPoolTaskExecutor  : Initializing ExecutorService 'applicationTaskExecutor'
2021-10-22 11:10:56.993  WARN 3668 --- [main] aWebConfiguration$JpaWebMvcConfiguration : spring.jpa.open-in-view is enabled by default. Therefore, database queries may be performed during view rendering. Explicitly configure spring.jpa.open-in-view to disable this warning
2021-10-22 11:10:57.536  INFO 3668 --- [main] tn.esprit.spring.EmployeServiceImplTest  : Started EmployeServiceImplTest in 8.473 seconds (JVM running for 9.396)
2021-10-22 11:10:58.084  INFO 3668 --- [Thread-2] o.s.s.concurrent.ThreadPoolTaskExecutor  : Shutting down ExecutorService 'applicationTaskExecutor'
2021-10-22 11:10:58.089  INFO 3668 --- [Thread-2] j.LocalContainerEntityManagerFactoryBean : Closing JPA EntityManagerFactory for persistence unit 'default'
2021-10-22 11:10:58.092  INFO 3668 --- [Thread-2] com.zaxxer.hikari.HikariDataSource       : HikariPool-1 - Shutdown initiated...
2021-10-22 11:10:58.097  INFO 3668 --- [Thread-2] com.zaxxer.hikari.HikariDataSource       : HikariPool-1 - Shutdown completed.
2021-10-22 11:12:16.650  INFO 10112 --- [main] tn.esprit.spring.EmployeServiceImplTest  : Starting EmployeServiceImplTest on DESKTOP-P6G55LK with PID 10112 (started by HP in C:\Users\HP\Desktop\devops\timesheetDevops)
2021-10-22 11:12:16.651  INFO 10112 --- [main] tn.esprit.spring.EmployeServiceImplTest  : No active profile set, falling back to default profiles: default
2021-10-22 11:12:17.313  INFO 10112 --- [main] .s.d.r.c.RepositoryConfigurationDelegate : Bootstrapping Spring Data repositories in DEFAULT mode.
2021-10-22 11:12:17.445  INFO 10112 --- [main] .s.d.r.c.RepositoryConfigurationDelegate : Finished Spring Data repository scanning in 104ms. Found 6 repository interfaces.
2021-10-22 11:12:18.058  INFO 10112 --- [main] trationDelegate$BeanPostProcessorChecker : Bean 'org.springframework.transaction.annotation.ProxyTransactionManagementConfiguration' of type [org.springframework.transaction.annotation.ProxyTransactionManagementConfiguration$$EnhancerBySpringCGLIB$$fc2e4596] is not eligible for getting processed by all BeanPostProcessors (for example: not eligible for auto-proxying)
2021-10-22 11:12:18.352  INFO 10112 --- [main] com.zaxxer.hikari.HikariDataSource       : HikariPool-1 - Starting...
2021-10-22 11:12:18.549  INFO 10112 --- [main] com.zaxxer.hikari.HikariDataSource       : HikariPool-1 - Start completed.
2021-10-22 11:12:18.613  INFO 10112 --- [main] o.hibernate.jpa.internal.util.LogHelper  : HHH000204: Processing PersistenceUnitInfo [
	name: default
	...]
2021-10-22 11:12:18.678  INFO 10112 --- [main] org.hibernate.Version                    : HHH000412: Hibernate Core {5.3.9.Final}
2021-10-22 11:12:18.680  INFO 10112 --- [main] org.hibernate.cfg.Environment            : HHH000206: hibernate.properties not found
2021-10-22 11:12:18.820  INFO 10112 --- [main] o.hibernate.annotations.common.Version   : HCANN000001: Hibernate Commons Annotations {5.0.4.Final}
2021-10-22 11:12:19.264  INFO 10112 --- [main] org.hibernate.dialect.Dialect            : HHH000400: Using dialect: org.hibernate.dialect.MySQL5Dialect
2021-10-22 11:12:20.193  INFO 10112 --- [main] j.LocalContainerEntityManagerFactoryBean : Initialized JPA EntityManagerFactory for persistence unit 'default'
2021-10-22 11:12:20.562  INFO 10112 --- [main] o.h.h.i.QueryTranslatorFactoryInitiator  : HHH000397: Using ASTQueryTranslatorFactory
2021-10-22 11:12:22.086  INFO 10112 --- [main] o.s.s.concurrent.ThreadPoolTaskExecutor  : Initializing ExecutorService 'applicationTaskExecutor'
2021-10-22 11:12:22.159  WARN 10112 --- [main] aWebConfiguration$JpaWebMvcConfiguration : spring.jpa.open-in-view is enabled by default. Therefore, database queries may be performed during view rendering. Explicitly configure spring.jpa.open-in-view to disable this warning
2021-10-22 11:12:22.607  INFO 10112 --- [main] tn.esprit.spring.EmployeServiceImplTest  : Started EmployeServiceImplTest in 6.359 seconds (JVM running for 7.205)
2021-10-22 11:12:23.081  INFO 10112 --- [main] .b.t.c.SpringBootTestContextBootstrapper : Neither @ContextConfiguration nor @ContextHierarchy found for test class [tn.esprit.spring.EnterpriseServiceImplTest], using SpringBootContextLoader
2021-10-22 11:12:23.082  INFO 10112 --- [main] o.s.t.c.support.AbstractContextLoader    : Could not detect default resource locations for test class [tn.esprit.spring.EnterpriseServiceImplTest]: no resource found for suffixes {-context.xml, Context.groovy}.
2021-10-22 11:12:23.082  INFO 10112 --- [main] t.c.s.AnnotationConfigContextLoaderUtils : Could not detect default configuration classes for test class [tn.esprit.spring.EnterpriseServiceImplTest]: EnterpriseServiceImplTest does not declare any static, non-private, non-final, nested classes annotated with @Configuration.
2021-10-22 11:12:23.084  INFO 10112 --- [main] .b.t.c.SpringBootTestContextBootstrapper : Found @SpringBootConfiguration tn.esprit.spring.TimesheetSpringBootCoreDataJpaMvcRest1Application for test class tn.esprit.spring.EnterpriseServiceImplTest
2021-10-22 11:12:23.086  INFO 10112 --- [main] .b.t.c.SpringBootTestContextBootstrapper : Loaded default TestExecutionListener class names from location [META-INF/spring.factories]: [org.springframework.boot.test.mock.mockito.MockitoTestExecutionListener, org.springframework.boot.test.mock.mockito.ResetMocksTestExecutionListener, org.springframework.boot.test.autoconfigure.restdocs.RestDocsTestExecutionListener, org.springframework.boot.test.autoconfigure.web.client.MockRestServiceServerResetTestExecutionListener, org.springframework.boot.test.autoconfigure.web.servlet.MockMvcPrintOnlyOnFailureTestExecutionListener, org.springframework.boot.test.autoconfigure.web.servlet.WebDriverTestExecutionListener, org.springframework.test.context.web.ServletTestExecutionListener, org.springframework.test.context.support.DirtiesContextBeforeModesTestExecutionListener, org.springframework.test.context.support.DependencyInjectionTestExecutionListener, org.springframework.test.context.support.DirtiesContextTestExecutionListener, org.springframework.test.context.transaction.TransactionalTestExecutionListener, org.springframework.test.context.jdbc.SqlScriptsTestExecutionListener]
2021-10-22 11:12:23.086  INFO 10112 --- [main] .b.t.c.SpringBootTestContextBootstrapper : Using TestExecutionListeners: [org.springframework.test.context.web.ServletTestExecutionListener@68f9e807, org.springframework.test.context.support.DirtiesContextBeforeModesTestExecutionListener@23708f14, org.springframework.boot.test.mock.mockito.MockitoTestExecutionListener@3dfc59c5, org.springframework.boot.test.autoconfigure.SpringBootDependencyInjectionTestExecutionListener@2cff5aa3, org.springframework.test.context.support.DirtiesContextTestExecutionListener@b6136eb, org.springframework.test.context.transaction.TransactionalTestExecutionListener@2cce10bc, org.springframework.test.context.jdbc.SqlScriptsTestExecutionListener@73234691, org.springframework.boot.test.mock.mockito.ResetMocksTestExecutionListener@25df2014, org.springframework.boot.test.autoconfigure.restdocs.RestDocsTestExecutionListener@270b8c2a, org.springframework.boot.test.autoconfigure.web.client.MockRestServiceServerResetTestExecutionListener@7b9c2387, org.springframework.boot.test.autoconfigure.web.servlet.MockMvcPrintOnlyOnFailureTestExecutionListener@12e2f5ab, org.springframework.boot.test.autoconfigure.web.servlet.WebDriverTestExecutionListener@4e61a863]
2021-10-22 11:12:23.358  INFO 10112 --- [Thread-2] o.s.s.concurrent.ThreadPoolTaskExecutor  : Shutting down ExecutorService 'applicationTaskExecutor'
2021-10-22 11:12:23.364  INFO 10112 --- [Thread-2] j.LocalContainerEntityManagerFactoryBean : Closing JPA EntityManagerFactory for persistence unit 'default'
2021-10-22 11:12:23.367  INFO 10112 --- [Thread-2] com.zaxxer.hikari.HikariDataSource       : HikariPool-1 - Shutdown initiated...
2021-10-22 11:12:23.370  INFO 10112 --- [Thread-2] com.zaxxer.hikari.HikariDataSource       : HikariPool-1 - Shutdown completed.
2021-10-22 11:13:14.024  INFO 17000 --- [main] tn.esprit.spring.EmployeServiceImplTest  : Starting EmployeServiceImplTest on DESKTOP-P6G55LK with PID 17000 (started by HP in C:\Users\HP\Desktop\devops\timesheetDevops)
2021-10-22 11:13:14.025  INFO 17000 --- [main] tn.esprit.spring.EmployeServiceImplTest  : No active profile set, falling back to default profiles: default
2021-10-22 11:13:14.656  INFO 17000 --- [main] .s.d.r.c.RepositoryConfigurationDelegate : Bootstrapping Spring Data repositories in DEFAULT mode.
2021-10-22 11:13:14.773  INFO 17000 --- [main] .s.d.r.c.RepositoryConfigurationDelegate : Finished Spring Data repository scanning in 104ms. Found 6 repository interfaces.
2021-10-22 11:13:15.395  INFO 17000 --- [main] trationDelegate$BeanPostProcessorChecker : Bean 'org.springframework.transaction.annotation.ProxyTransactionManagementConfiguration' of type [org.springframework.transaction.annotation.ProxyTransactionManagementConfiguration$$EnhancerBySpringCGLIB$$143a6a58] is not eligible for getting processed by all BeanPostProcessors (for example: not eligible for auto-proxying)
2021-10-22 11:13:15.747  INFO 17000 --- [main] com.zaxxer.hikari.HikariDataSource       : HikariPool-1 - Starting...
2021-10-22 11:13:15.959  INFO 17000 --- [main] com.zaxxer.hikari.HikariDataSource       : HikariPool-1 - Start completed.
2021-10-22 11:13:16.023  INFO 17000 --- [main] o.hibernate.jpa.internal.util.LogHelper  : HHH000204: Processing PersistenceUnitInfo [
	name: default
	...]
2021-10-22 11:13:16.101  INFO 17000 --- [main] org.hibernate.Version                    : HHH000412: Hibernate Core {5.3.9.Final}
2021-10-22 11:13:16.102  INFO 17000 --- [main] org.hibernate.cfg.Environment            : HHH000206: hibernate.properties not found
2021-10-22 11:13:16.248  INFO 17000 --- [main] o.hibernate.annotations.common.Version   : HCANN000001: Hibernate Commons Annotations {5.0.4.Final}
2021-10-22 11:13:16.657  INFO 17000 --- [main] org.hibernate.dialect.Dialect            : HHH000400: Using dialect: org.hibernate.dialect.MySQL5Dialect
2021-10-22 11:13:17.707  INFO 17000 --- [main] j.LocalContainerEntityManagerFactoryBean : Initialized JPA EntityManagerFactory for persistence unit 'default'
2021-10-22 11:13:18.086  INFO 17000 --- [main] o.h.h.i.QueryTranslatorFactoryInitiator  : HHH000397: Using ASTQueryTranslatorFactory
2021-10-22 11:13:19.387  INFO 17000 --- [main] o.s.s.concurrent.ThreadPoolTaskExecutor  : Initializing ExecutorService 'applicationTaskExecutor'
2021-10-22 11:13:19.459  WARN 17000 --- [main] aWebConfiguration$JpaWebMvcConfiguration : spring.jpa.open-in-view is enabled by default. Therefore, database queries may be performed during view rendering. Explicitly configure spring.jpa.open-in-view to disable this warning
2021-10-22 11:13:19.884  INFO 17000 --- [main] tn.esprit.spring.EmployeServiceImplTest  : Started EmployeServiceImplTest in 6.175 seconds (JVM running for 7.014)
2021-10-22 11:13:20.265  INFO 17000 --- [main] .b.t.c.SpringBootTestContextBootstrapper : Neither @ContextConfiguration nor @ContextHierarchy found for test class [tn.esprit.spring.EnterpriseServiceImplTest], using SpringBootContextLoader
2021-10-22 11:13:20.266  INFO 17000 --- [main] o.s.t.c.support.AbstractContextLoader    : Could not detect default resource locations for test class [tn.esprit.spring.EnterpriseServiceImplTest]: no resource found for suffixes {-context.xml, Context.groovy}.
2021-10-22 11:13:20.267  INFO 17000 --- [main] t.c.s.AnnotationConfigContextLoaderUtils : Could not detect default configuration classes for test class [tn.esprit.spring.EnterpriseServiceImplTest]: EnterpriseServiceImplTest does not declare any static, non-private, non-final, nested classes annotated with @Configuration.
2021-10-22 11:13:20.269  INFO 17000 --- [main] .b.t.c.SpringBootTestContextBootstrapper : Found @SpringBootConfiguration tn.esprit.spring.TimesheetSpringBootCoreDataJpaMvcRest1Application for test class tn.esprit.spring.EnterpriseServiceImplTest
2021-10-22 11:13:20.272  INFO 17000 --- [main] .b.t.c.SpringBootTestContextBootstrapper : Loaded default TestExecutionListener class names from location [META-INF/spring.factories]: [org.springframework.boot.test.mock.mockito.MockitoTestExecutionListener, org.springframework.boot.test.mock.mockito.ResetMocksTestExecutionListener, org.springframework.boot.test.autoconfigure.restdocs.RestDocsTestExecutionListener, org.springframework.boot.test.autoconfigure.web.client.MockRestServiceServerResetTestExecutionListener, org.springframework.boot.test.autoconfigure.web.servlet.MockMvcPrintOnlyOnFailureTestExecutionListener, org.springframework.boot.test.autoconfigure.web.servlet.WebDriverTestExecutionListener, org.springframework.test.context.web.ServletTestExecutionListener, org.springframework.test.context.support.DirtiesContextBeforeModesTestExecutionListener, org.springframework.test.context.support.DependencyInjectionTestExecutionListener, org.springframework.test.context.support.DirtiesContextTestExecutionListener, org.springframework.test.context.transaction.TransactionalTestExecutionListener, org.springframework.test.context.jdbc.SqlScriptsTestExecutionListener]
2021-10-22 11:13:20.273  INFO 17000 --- [main] .b.t.c.SpringBootTestContextBootstrapper : Using TestExecutionListeners: [org.springframework.test.context.web.ServletTestExecutionListener@5cfa2ac5, org.springframework.test.context.support.DirtiesContextBeforeModesTestExecutionListener@4cc89246, org.springframework.boot.test.mock.mockito.MockitoTestExecutionListener@413eaf5d, org.springframework.boot.test.autoconfigure.SpringBootDependencyInjectionTestExecutionListener@3e28af44, org.springframework.test.context.support.DirtiesContextTestExecutionListener@33891646, org.springframework.test.context.transaction.TransactionalTestExecutionListener@3bdbf8d3, org.springframework.test.context.jdbc.SqlScriptsTestExecutionListener@f2becb2, org.springframework.boot.test.mock.mockito.ResetMocksTestExecutionListener@7482309c, org.springframework.boot.test.autoconfigure.restdocs.RestDocsTestExecutionListener@f42336c, org.springframework.boot.test.autoconfigure.web.client.MockRestServiceServerResetTestExecutionListener@6b3b4f37, org.springframework.boot.test.autoconfigure.web.servlet.MockMvcPrintOnlyOnFailureTestExecutionListener@3b25709e, org.springframework.boot.test.autoconfigure.web.servlet.WebDriverTestExecutionListener@5ec6a1b6]
2021-10-22 11:13:20.372  INFO 17000 --- [Thread-2] o.s.s.concurrent.ThreadPoolTaskExecutor  : Shutting down ExecutorService 'applicationTaskExecutor'
2021-10-22 11:13:20.376  INFO 17000 --- [Thread-2] j.LocalContainerEntityManagerFactoryBean : Closing JPA EntityManagerFactory for persistence unit 'default'
2021-10-22 11:13:20.380  INFO 17000 --- [Thread-2] com.zaxxer.hikari.HikariDataSource       : HikariPool-1 - Shutdown initiated...
2021-10-22 11:13:20.386  INFO 17000 --- [Thread-2] com.zaxxer.hikari.HikariDataSource       : HikariPool-1 - Shutdown completed.
2021-10-22 11:13:55.096  INFO 6760 --- [main] tn.esprit.spring.EmployeServiceImplTest  : Starting EmployeServiceImplTest on DESKTOP-P6G55LK with PID 6760 (started by HP in C:\Users\HP\Desktop\devops\timesheetDevops)
2021-10-22 11:13:55.098  INFO 6760 --- [main] tn.esprit.spring.EmployeServiceImplTest  : No active profile set, falling back to default profiles: default
2021-10-22 11:13:55.779  INFO 6760 --- [main] .s.d.r.c.RepositoryConfigurationDelegate : Bootstrapping Spring Data repositories in DEFAULT mode.
2021-10-22 11:13:55.886  INFO 6760 --- [main] .s.d.r.c.RepositoryConfigurationDelegate : Finished Spring Data repository scanning in 96ms. Found 6 repository interfaces.
2021-10-22 11:13:56.573  INFO 6760 --- [main] trationDelegate$BeanPostProcessorChecker : Bean 'org.springframework.transaction.annotation.ProxyTransactionManagementConfiguration' of type [org.springframework.transaction.annotation.ProxyTransactionManagementConfiguration$$EnhancerBySpringCGLIB$$143a6a58] is not eligible for getting processed by all BeanPostProcessors (for example: not eligible for auto-proxying)
2021-10-22 11:13:56.872  INFO 6760 --- [main] com.zaxxer.hikari.HikariDataSource       : HikariPool-1 - Starting...
2021-10-22 11:13:57.075  INFO 6760 --- [main] com.zaxxer.hikari.HikariDataSource       : HikariPool-1 - Start completed.
2021-10-22 11:13:57.142  INFO 6760 --- [main] o.hibernate.jpa.internal.util.LogHelper  : HHH000204: Processing PersistenceUnitInfo [
	name: default
	...]
2021-10-22 11:13:57.213  INFO 6760 --- [main] org.hibernate.Version                    : HHH000412: Hibernate Core {5.3.9.Final}
2021-10-22 11:13:57.215  INFO 6760 --- [main] org.hibernate.cfg.Environment            : HHH000206: hibernate.properties not found
2021-10-22 11:13:57.365  INFO 6760 --- [main] o.hibernate.annotations.common.Version   : HCANN000001: Hibernate Commons Annotations {5.0.4.Final}
2021-10-22 11:13:57.783  INFO 6760 --- [main] org.hibernate.dialect.Dialect            : HHH000400: Using dialect: org.hibernate.dialect.MySQL5Dialect
2021-10-22 11:13:58.746  INFO 6760 --- [main] j.LocalContainerEntityManagerFactoryBean : Initialized JPA EntityManagerFactory for persistence unit 'default'
2021-10-22 11:13:59.118  INFO 6760 --- [main] o.h.h.i.QueryTranslatorFactoryInitiator  : HHH000397: Using ASTQueryTranslatorFactory
2021-10-22 11:14:00.465  INFO 6760 --- [main] o.s.s.concurrent.ThreadPoolTaskExecutor  : Initializing ExecutorService 'applicationTaskExecutor'
2021-10-22 11:14:00.558  WARN 6760 --- [main] aWebConfiguration$JpaWebMvcConfiguration : spring.jpa.open-in-view is enabled by default. Therefore, database queries may be performed during view rendering. Explicitly configure spring.jpa.open-in-view to disable this warning
2021-10-22 11:14:01.038  INFO 6760 --- [main] tn.esprit.spring.EmployeServiceImplTest  : Started EmployeServiceImplTest in 6.271 seconds (JVM running for 7.298)
2021-10-22 11:14:01.603  INFO 6760 --- [main] .b.t.c.SpringBootTestContextBootstrapper : Neither @ContextConfiguration nor @ContextHierarchy found for test class [tn.esprit.spring.EnterpriseServiceImplTest], using SpringBootContextLoader
2021-10-22 11:14:01.605  INFO 6760 --- [main] o.s.t.c.support.AbstractContextLoader    : Could not detect default resource locations for test class [tn.esprit.spring.EnterpriseServiceImplTest]: no resource found for suffixes {-context.xml, Context.groovy}.
2021-10-22 11:14:01.605  INFO 6760 --- [main] t.c.s.AnnotationConfigContextLoaderUtils : Could not detect default configuration classes for test class [tn.esprit.spring.EnterpriseServiceImplTest]: EnterpriseServiceImplTest does not declare any static, non-private, non-final, nested classes annotated with @Configuration.
2021-10-22 11:14:01.613  INFO 6760 --- [main] .b.t.c.SpringBootTestContextBootstrapper : Found @SpringBootConfiguration tn.esprit.spring.TimesheetSpringBootCoreDataJpaMvcRest1Application for test class tn.esprit.spring.EnterpriseServiceImplTest
2021-10-22 11:14:01.615  INFO 6760 --- [main] .b.t.c.SpringBootTestContextBootstrapper : Loaded default TestExecutionListener class names from location [META-INF/spring.factories]: [org.springframework.boot.test.mock.mockito.MockitoTestExecutionListener, org.springframework.boot.test.mock.mockito.ResetMocksTestExecutionListener, org.springframework.boot.test.autoconfigure.restdocs.RestDocsTestExecutionListener, org.springframework.boot.test.autoconfigure.web.client.MockRestServiceServerResetTestExecutionListener, org.springframework.boot.test.autoconfigure.web.servlet.MockMvcPrintOnlyOnFailureTestExecutionListener, org.springframework.boot.test.autoconfigure.web.servlet.WebDriverTestExecutionListener, org.springframework.test.context.web.ServletTestExecutionListener, org.springframework.test.context.support.DirtiesContextBeforeModesTestExecutionListener, org.springframework.test.context.support.DependencyInjectionTestExecutionListener, org.springframework.test.context.support.DirtiesContextTestExecutionListener, org.springframework.test.context.transaction.TransactionalTestExecutionListener, org.springframework.test.context.jdbc.SqlScriptsTestExecutionListener]
2021-10-22 11:14:01.616  INFO 6760 --- [main] .b.t.c.SpringBootTestContextBootstrapper : Using TestExecutionListeners: [org.springframework.test.context.web.ServletTestExecutionListener@69bca406, org.springframework.test.context.support.DirtiesContextBeforeModesTestExecutionListener@79c1ccf7, org.springframework.boot.test.mock.mockito.MockitoTestExecutionListener@4654e373, org.springframework.boot.test.autoconfigure.SpringBootDependencyInjectionTestExecutionListener@2474df51, org.springframework.test.context.support.DirtiesContextTestExecutionListener@2864d34d, org.springframework.test.context.transaction.TransactionalTestExecutionListener@5fb514c2, org.springframework.test.context.jdbc.SqlScriptsTestExecutionListener@3e9b3b3c, org.springframework.boot.test.mock.mockito.ResetMocksTestExecutionListener@3c97f5e9, org.springframework.boot.test.autoconfigure.restdocs.RestDocsTestExecutionListener@32e7b78d, org.springframework.boot.test.autoconfigure.web.client.MockRestServiceServerResetTestExecutionListener@4583b617, org.springframework.boot.test.autoconfigure.web.servlet.MockMvcPrintOnlyOnFailureTestExecutionListener@22a63740, org.springframework.boot.test.autoconfigure.web.servlet.WebDriverTestExecutionListener@211da640]
2021-10-22 11:14:01.706  INFO 6760 --- [Thread-2] o.s.s.concurrent.ThreadPoolTaskExecutor  : Shutting down ExecutorService 'applicationTaskExecutor'
2021-10-22 11:14:01.709  INFO 6760 --- [Thread-2] j.LocalContainerEntityManagerFactoryBean : Closing JPA EntityManagerFactory for persistence unit 'default'
2021-10-22 11:14:01.711  INFO 6760 --- [Thread-2] com.zaxxer.hikari.HikariDataSource       : HikariPool-1 - Shutdown initiated...
2021-10-22 11:14:01.716  INFO 6760 --- [Thread-2] com.zaxxer.hikari.HikariDataSource       : HikariPool-1 - Shutdown completed.
2021-10-22 11:15:50.935  INFO 10180 --- [main] tn.esprit.spring.EmployeServiceImplTest  : Starting EmployeServiceImplTest on DESKTOP-P6G55LK with PID 10180 (started by HP in C:\Users\HP\Desktop\devops\timesheetDevops)
2021-10-22 11:15:50.937  INFO 10180 --- [main] tn.esprit.spring.EmployeServiceImplTest  : No active profile set, falling back to default profiles: default
2021-10-22 11:15:51.692  INFO 10180 --- [main] .s.d.r.c.RepositoryConfigurationDelegate : Bootstrapping Spring Data repositories in DEFAULT mode.
2021-10-22 11:15:51.834  INFO 10180 --- [main] .s.d.r.c.RepositoryConfigurationDelegate : Finished Spring Data repository scanning in 127ms. Found 6 repository interfaces.
2021-10-22 11:15:52.389  INFO 10180 --- [main] trationDelegate$BeanPostProcessorChecker : Bean 'org.springframework.transaction.annotation.ProxyTransactionManagementConfiguration' of type [org.springframework.transaction.annotation.ProxyTransactionManagementConfiguration$$EnhancerBySpringCGLIB$$1556b657] is not eligible for getting processed by all BeanPostProcessors (for example: not eligible for auto-proxying)
2021-10-22 11:15:52.719  INFO 10180 --- [main] com.zaxxer.hikari.HikariDataSource       : HikariPool-1 - Starting...
2021-10-22 11:15:52.913  INFO 10180 --- [main] com.zaxxer.hikari.HikariDataSource       : HikariPool-1 - Start completed.
2021-10-22 11:15:52.977  INFO 10180 --- [main] o.hibernate.jpa.internal.util.LogHelper  : HHH000204: Processing PersistenceUnitInfo [
	name: default
	...]
2021-10-22 11:15:53.043  INFO 10180 --- [main] org.hibernate.Version                    : HHH000412: Hibernate Core {5.3.9.Final}
2021-10-22 11:15:53.044  INFO 10180 --- [main] org.hibernate.cfg.Environment            : HHH000206: hibernate.properties not found
2021-10-22 11:15:53.189  INFO 10180 --- [main] o.hibernate.annotations.common.Version   : HCANN000001: Hibernate Commons Annotations {5.0.4.Final}
2021-10-22 11:15:53.602  INFO 10180 --- [main] org.hibernate.dialect.Dialect            : HHH000400: Using dialect: org.hibernate.dialect.MySQL5Dialect
2021-10-22 11:15:54.574  INFO 10180 --- [main] j.LocalContainerEntityManagerFactoryBean : Initialized JPA EntityManagerFactory for persistence unit 'default'
2021-10-22 11:15:54.960  INFO 10180 --- [main] o.h.h.i.QueryTranslatorFactoryInitiator  : HHH000397: Using ASTQueryTranslatorFactory
2021-10-22 11:15:56.314  INFO 10180 --- [main] o.s.s.concurrent.ThreadPoolTaskExecutor  : Initializing ExecutorService 'applicationTaskExecutor'
2021-10-22 11:15:56.385  WARN 10180 --- [main] aWebConfiguration$JpaWebMvcConfiguration : spring.jpa.open-in-view is enabled by default. Therefore, database queries may be performed during view rendering. Explicitly configure spring.jpa.open-in-view to disable this warning
2021-10-22 11:15:56.771  INFO 10180 --- [main] tn.esprit.spring.EmployeServiceImplTest  : Started EmployeServiceImplTest in 6.161 seconds (JVM running for 7.042)
2021-10-22 11:15:57.209  INFO 10180 --- [main] .b.t.c.SpringBootTestContextBootstrapper : Neither @ContextConfiguration nor @ContextHierarchy found for test class [tn.esprit.spring.EnterpriseServiceImplTest], using SpringBootContextLoader
2021-10-22 11:15:57.210  INFO 10180 --- [main] o.s.t.c.support.AbstractContextLoader    : Could not detect default resource locations for test class [tn.esprit.spring.EnterpriseServiceImplTest]: no resource found for suffixes {-context.xml, Context.groovy}.
2021-10-22 11:15:57.210  INFO 10180 --- [main] t.c.s.AnnotationConfigContextLoaderUtils : Could not detect default configuration classes for test class [tn.esprit.spring.EnterpriseServiceImplTest]: EnterpriseServiceImplTest does not declare any static, non-private, non-final, nested classes annotated with @Configuration.
2021-10-22 11:15:57.213  INFO 10180 --- [main] .b.t.c.SpringBootTestContextBootstrapper : Found @SpringBootConfiguration tn.esprit.spring.TimesheetSpringBootCoreDataJpaMvcRest1Application for test class tn.esprit.spring.EnterpriseServiceImplTest
2021-10-22 11:15:57.216  INFO 10180 --- [main] .b.t.c.SpringBootTestContextBootstrapper : Loaded default TestExecutionListener class names from location [META-INF/spring.factories]: [org.springframework.boot.test.mock.mockito.MockitoTestExecutionListener, org.springframework.boot.test.mock.mockito.ResetMocksTestExecutionListener, org.springframework.boot.test.autoconfigure.restdocs.RestDocsTestExecutionListener, org.springframework.boot.test.autoconfigure.web.client.MockRestServiceServerResetTestExecutionListener, org.springframework.boot.test.autoconfigure.web.servlet.MockMvcPrintOnlyOnFailureTestExecutionListener, org.springframework.boot.test.autoconfigure.web.servlet.WebDriverTestExecutionListener, org.springframework.test.context.web.ServletTestExecutionListener, org.springframework.test.context.support.DirtiesContextBeforeModesTestExecutionListener, org.springframework.test.context.support.DependencyInjectionTestExecutionListener, org.springframework.test.context.support.DirtiesContextTestExecutionListener, org.springframework.test.context.transaction.TransactionalTestExecutionListener, org.springframework.test.context.jdbc.SqlScriptsTestExecutionListener]
2021-10-22 11:15:57.216  INFO 10180 --- [main] .b.t.c.SpringBootTestContextBootstrapper : Using TestExecutionListeners: [org.springframework.test.context.web.ServletTestExecutionListener@6b64429e, org.springframework.test.context.support.DirtiesContextBeforeModesTestExecutionListener@48aa0813, org.springframework.boot.test.mock.mockito.MockitoTestExecutionListener@45849604, org.springframework.boot.test.autoconfigure.SpringBootDependencyInjectionTestExecutionListener@6cbbfe29, org.springframework.test.context.support.DirtiesContextTestExecutionListener@25823192, org.springframework.test.context.transaction.TransactionalTestExecutionListener@3df04fa1, org.springframework.test.context.jdbc.SqlScriptsTestExecutionListener@5c25daad, org.springframework.boot.test.mock.mockito.ResetMocksTestExecutionListener@6fdc2db6, org.springframework.boot.test.autoconfigure.restdocs.RestDocsTestExecutionListener@5be69f7e, org.springframework.boot.test.autoconfigure.web.client.MockRestServiceServerResetTestExecutionListener@64544ee4, org.springframework.boot.test.autoconfigure.web.servlet.MockMvcPrintOnlyOnFailureTestExecutionListener@16d61071, org.springframework.boot.test.autoconfigure.web.servlet.WebDriverTestExecutionListener@18692e80]
2021-10-22 11:15:57.315  INFO 10180 --- [Thread-2] o.s.s.concurrent.ThreadPoolTaskExecutor  : Shutting down ExecutorService 'applicationTaskExecutor'
2021-10-22 11:15:57.320  INFO 10180 --- [Thread-2] j.LocalContainerEntityManagerFactoryBean : Closing JPA EntityManagerFactory for persistence unit 'default'
2021-10-22 11:15:57.324  INFO 10180 --- [Thread-2] com.zaxxer.hikari.HikariDataSource       : HikariPool-1 - Shutdown initiated...
2021-10-22 11:15:57.328  INFO 10180 --- [Thread-2] com.zaxxer.hikari.HikariDataSource       : HikariPool-1 - Shutdown completed.
2021-10-22 12:20:25.424  INFO 4840 --- [main] tn.esprit.spring.EmployeServiceImplTest  : Starting EmployeServiceImplTest on DESKTOP-P6G55LK with PID 4840 (started by HP in C:\Users\HP\Desktop\devops\timesheetDevops)
2021-10-22 12:20:25.426  INFO 4840 --- [main] tn.esprit.spring.EmployeServiceImplTest  : No active profile set, falling back to default profiles: default
2021-10-22 12:20:26.251  INFO 4840 --- [main] .s.d.r.c.RepositoryConfigurationDelegate : Bootstrapping Spring Data repositories in DEFAULT mode.
2021-10-22 12:20:26.449  INFO 4840 --- [main] .s.d.r.c.RepositoryConfigurationDelegate : Finished Spring Data repository scanning in 175ms. Found 6 repository interfaces.
2021-10-22 12:20:27.389  INFO 4840 --- [main] trationDelegate$BeanPostProcessorChecker : Bean 'org.springframework.transaction.annotation.ProxyTransactionManagementConfiguration' of type [org.springframework.transaction.annotation.ProxyTransactionManagementConfiguration$$EnhancerBySpringCGLIB$$7909f987] is not eligible for getting processed by all BeanPostProcessors (for example: not eligible for auto-proxying)
2021-10-22 12:20:27.922  INFO 4840 --- [main] com.zaxxer.hikari.HikariDataSource       : HikariPool-1 - Starting...
2021-10-22 12:20:28.153  INFO 4840 --- [main] com.zaxxer.hikari.HikariDataSource       : HikariPool-1 - Start completed.
2021-10-22 12:20:28.248  INFO 4840 --- [main] o.hibernate.jpa.internal.util.LogHelper  : HHH000204: Processing PersistenceUnitInfo [
	name: default
	...]
2021-10-22 12:20:28.362  INFO 4840 --- [main] org.hibernate.Version                    : HHH000412: Hibernate Core {5.3.9.Final}
2021-10-22 12:20:28.364  INFO 4840 --- [main] org.hibernate.cfg.Environment            : HHH000206: hibernate.properties not found
2021-10-22 12:20:28.556  INFO 4840 --- [main] o.hibernate.annotations.common.Version   : HCANN000001: Hibernate Commons Annotations {5.0.4.Final}
2021-10-22 12:20:29.122  INFO 4840 --- [main] org.hibernate.dialect.Dialect            : HHH000400: Using dialect: org.hibernate.dialect.MySQL5Dialect
2021-10-22 12:20:30.451  INFO 4840 --- [main] j.LocalContainerEntityManagerFactoryBean : Initialized JPA EntityManagerFactory for persistence unit 'default'
2021-10-22 12:20:30.986  INFO 4840 --- [main] o.h.h.i.QueryTranslatorFactoryInitiator  : HHH000397: Using ASTQueryTranslatorFactory
2021-10-22 12:20:32.463  INFO 4840 --- [main] o.s.s.concurrent.ThreadPoolTaskExecutor  : Initializing ExecutorService 'applicationTaskExecutor'
2021-10-22 12:20:32.580  WARN 4840 --- [main] aWebConfiguration$JpaWebMvcConfiguration : spring.jpa.open-in-view is enabled by default. Therefore, database queries may be performed during view rendering. Explicitly configure spring.jpa.open-in-view to disable this warning
2021-10-22 12:20:33.128  INFO 4840 --- [main] tn.esprit.spring.EmployeServiceImplTest  : Started EmployeServiceImplTest in 8.205 seconds (JVM running for 9.737)
2021-10-22 12:20:33.768  INFO 4840 --- [main] .b.t.c.SpringBootTestContextBootstrapper : Neither @ContextConfiguration nor @ContextHierarchy found for test class [tn.esprit.spring.EnterpriseServiceImplTest], using SpringBootContextLoader
2021-10-22 12:20:33.769  INFO 4840 --- [main] o.s.t.c.support.AbstractContextLoader    : Could not detect default resource locations for test class [tn.esprit.spring.EnterpriseServiceImplTest]: no resource found for suffixes {-context.xml, Context.groovy}.
2021-10-22 12:20:33.769  INFO 4840 --- [main] t.c.s.AnnotationConfigContextLoaderUtils : Could not detect default configuration classes for test class [tn.esprit.spring.EnterpriseServiceImplTest]: EnterpriseServiceImplTest does not declare any static, non-private, non-final, nested classes annotated with @Configuration.
2021-10-22 12:20:33.771  INFO 4840 --- [main] .b.t.c.SpringBootTestContextBootstrapper : Found @SpringBootConfiguration tn.esprit.spring.TimesheetSpringBootCoreDataJpaMvcRest1Application for test class tn.esprit.spring.EnterpriseServiceImplTest
2021-10-22 12:20:33.773  INFO 4840 --- [main] .b.t.c.SpringBootTestContextBootstrapper : Loaded default TestExecutionListener class names from location [META-INF/spring.factories]: [org.springframework.boot.test.mock.mockito.MockitoTestExecutionListener, org.springframework.boot.test.mock.mockito.ResetMocksTestExecutionListener, org.springframework.boot.test.autoconfigure.restdocs.RestDocsTestExecutionListener, org.springframework.boot.test.autoconfigure.web.client.MockRestServiceServerResetTestExecutionListener, org.springframework.boot.test.autoconfigure.web.servlet.MockMvcPrintOnlyOnFailureTestExecutionListener, org.springframework.boot.test.autoconfigure.web.servlet.WebDriverTestExecutionListener, org.springframework.test.context.web.ServletTestExecutionListener, org.springframework.test.context.support.DirtiesContextBeforeModesTestExecutionListener, org.springframework.test.context.support.DependencyInjectionTestExecutionListener, org.springframework.test.context.support.DirtiesContextTestExecutionListener, org.springframework.test.context.transaction.TransactionalTestExecutionListener, org.springframework.test.context.jdbc.SqlScriptsTestExecutionListener]
2021-10-22 12:20:33.775  INFO 4840 --- [main] .b.t.c.SpringBootTestContextBootstrapper : Using TestExecutionListeners: [org.springframework.test.context.web.ServletTestExecutionListener@3cdecab7, org.springframework.test.context.support.DirtiesContextBeforeModesTestExecutionListener@30ac236b, org.springframework.boot.test.mock.mockito.MockitoTestExecutionListener@2fa672e9, org.springframework.boot.test.autoconfigure.SpringBootDependencyInjectionTestExecutionListener@53749c51, org.springframework.test.context.support.DirtiesContextTestExecutionListener@19356ffa, org.springframework.test.context.transaction.TransactionalTestExecutionListener@48d3b0cc, org.springframework.test.context.jdbc.SqlScriptsTestExecutionListener@54fea205, org.springframework.boot.test.mock.mockito.ResetMocksTestExecutionListener@239f3adf, org.springframework.boot.test.autoconfigure.restdocs.RestDocsTestExecutionListener@11e7cbe9, org.springframework.boot.test.autoconfigure.web.client.MockRestServiceServerResetTestExecutionListener@44e74cc9, org.springframework.boot.test.autoconfigure.web.servlet.MockMvcPrintOnlyOnFailureTestExecutionListener@652820da, org.springframework.boot.test.autoconfigure.web.servlet.WebDriverTestExecutionListener@3fbba762]
2021-10-22 12:20:33.859  INFO 4840 --- [Thread-3] o.s.s.concurrent.ThreadPoolTaskExecutor  : Shutting down ExecutorService 'applicationTaskExecutor'
2021-10-22 12:20:33.863  INFO 4840 --- [Thread-3] j.LocalContainerEntityManagerFactoryBean : Closing JPA EntityManagerFactory for persistence unit 'default'
2021-10-22 12:20:33.867  INFO 4840 --- [Thread-3] com.zaxxer.hikari.HikariDataSource       : HikariPool-1 - Shutdown initiated...
2021-10-22 12:20:34.085  INFO 4840 --- [Thread-3] com.zaxxer.hikari.HikariDataSource       : HikariPool-1 - Shutdown completed.
2021-10-22 12:24:41.361  INFO 15464 --- [main] SpringBootCoreDataJpaMvcRest1Application : Starting TimesheetSpringBootCoreDataJpaMvcRest1Application on DESKTOP-P6G55LK with PID 15464 (C:\Users\HP\Desktop\devops\timesheetDevops\target\classes started by HP in C:\Users\HP\Desktop\devops\timesheetDevops)
2021-10-22 12:24:41.365  INFO 15464 --- [main] SpringBootCoreDataJpaMvcRest1Application : No active profile set, falling back to default profiles: default
2021-10-22 12:24:42.051  INFO 15464 --- [main] .s.d.r.c.RepositoryConfigurationDelegate : Bootstrapping Spring Data repositories in DEFAULT mode.
2021-10-22 12:24:42.137  INFO 15464 --- [main] .s.d.r.c.RepositoryConfigurationDelegate : Finished Spring Data repository scanning in 78ms. Found 6 repository interfaces.
2021-10-22 12:24:42.721  INFO 15464 --- [main] trationDelegate$BeanPostProcessorChecker : Bean 'org.springframework.transaction.annotation.ProxyTransactionManagementConfiguration' of type [org.springframework.transaction.annotation.ProxyTransactionManagementConfiguration$$EnhancerBySpringCGLIB$$533e1c5b] is not eligible for getting processed by all BeanPostProcessors (for example: not eligible for auto-proxying)
2021-10-22 12:24:43.226  INFO 15464 --- [main] o.s.b.w.embedded.tomcat.TomcatWebServer  : Tomcat initialized with port(s): 8084 (http)
2021-10-22 12:24:43.254  INFO 15464 --- [main] o.apache.catalina.core.StandardService   : Starting service [Tomcat]
2021-10-22 12:24:43.254  INFO 15464 --- [main] org.apache.catalina.core.StandardEngine  : Starting Servlet engine: [Apache Tomcat/9.0.17]
2021-10-22 12:24:43.388  INFO 15464 --- [main] o.a.c.c.C.[.[localhost].[/SpringMVC]     : Initializing Spring embedded WebApplicationContext
2021-10-22 12:24:43.388  INFO 15464 --- [main] o.s.web.context.ContextLoader            : Root WebApplicationContext: initialization completed in 1951 ms
2021-10-22 12:24:43.569  INFO 15464 --- [main] com.zaxxer.hikari.HikariDataSource       : HikariPool-1 - Starting...
2021-10-22 12:24:43.738  INFO 15464 --- [main] com.zaxxer.hikari.HikariDataSource       : HikariPool-1 - Start completed.
2021-10-22 12:24:43.810  INFO 15464 --- [main] o.hibernate.jpa.internal.util.LogHelper  : HHH000204: Processing PersistenceUnitInfo [
	name: default
	...]
2021-10-22 12:24:43.893  INFO 15464 --- [main] org.hibernate.Version                    : HHH000412: Hibernate Core {5.3.9.Final}
2021-10-22 12:24:43.895  INFO 15464 --- [main] org.hibernate.cfg.Environment            : HHH000206: hibernate.properties not found
2021-10-22 12:24:44.055  INFO 15464 --- [main] o.hibernate.annotations.common.Version   : HCANN000001: Hibernate Commons Annotations {5.0.4.Final}
2021-10-22 12:24:44.218  INFO 15464 --- [main] org.hibernate.dialect.Dialect            : HHH000400: Using dialect: org.hibernate.dialect.MySQL5Dialect
2021-10-22 12:24:45.068  INFO 15464 --- [main] j.LocalContainerEntityManagerFactoryBean : Initialized JPA EntityManagerFactory for persistence unit 'default'
2021-10-22 12:24:45.476  INFO 15464 --- [main] o.h.h.i.QueryTranslatorFactoryInitiator  : HHH000397: Using ASTQueryTranslatorFactory
2021-10-22 12:24:46.152  INFO 15464 --- [main] o.s.s.concurrent.ThreadPoolTaskExecutor  : Initializing ExecutorService 'applicationTaskExecutor'
2021-10-22 12:24:46.209  WARN 15464 --- [main] aWebConfiguration$JpaWebMvcConfiguration : spring.jpa.open-in-view is enabled by default. Therefore, database queries may be performed during view rendering. Explicitly configure spring.jpa.open-in-view to disable this warning
2021-10-22 12:24:46.462  INFO 15464 --- [main] o.s.b.w.embedded.tomcat.TomcatWebServer  : Tomcat started on port(s): 8084 (http) with context path '/SpringMVC'
2021-10-22 12:24:46.465  INFO 15464 --- [main] SpringBootCoreDataJpaMvcRest1Application : Started TimesheetSpringBootCoreDataJpaMvcRest1Application in 5.683 seconds (JVM running for 6.558)
